#
# A fatal error has been detected by the Java Runtime Environment:
#
#  EXCEPTION_ACCESS_VIOLATION (0xc0000005) at pc=0x00007ffdfcb30000, pid=2116, tid=61720
#
# JRE version: Java(TM) SE Runtime Environment (8.0_51-b16) (build 1.8.0_51-b16)
# Java VM: Java HotSpot(TM) 64-Bit Server VM (25.51-b03 mixed mode windows-amd64 compressed oops)
# Problematic frame:
# C  0x00007ffdfcb30000
#
# Failed to write core dump. Minidumps are not enabled by default on client versions of Windows
#
# If you would like to submit a bug report, please visit:
#   http://bugreport.java.com/bugreport/crash.jsp
# The crash happened outside the Java Virtual Machine in native code.
# See problematic frame for where to report the bug.
#

---------------  T H R E A D  ---------------

Current thread (0x0000000002925000):  JavaThread "Client thread" [_thread_in_native, id=61720, stack(0x0000000002820000,0x0000000002920000)]

siginfo: ExceptionCode=0xc0000005, ExceptionInformation=0x0000000000000008 0x00007ffdfcb30000

Registers:
RAX=0x00007ffe12a9cc6e, RBX=0x0000000000000000, RCX=0x000000004de05e60, RDX=0x0000000000000000
RSP=0x000000000291e458, RBP=0x0000000000000000, RSI=0x0000000000016000, RDI=0x000000004de05e60
R8 =0x0000000000000000, R9 =0x00007ffe12a10000, R10=0x00007ffe3cb34300, R11=0x00007ffe12a9cc6e
R12=0x0000000000000000, R13=0x00000004c47caf88, R14=0x0000000000000000, R15=0x0000000000000000
RIP=0x00007ffdfcb30000, EFLAGS=0x0000000000010206

Top of Stack: (sp=0x000000000291e458)
0x000000000291e458:   00007ffe12a1e5b0 0000000000000040
0x000000000291e468:   0000000000016000 000000004de05e60
0x000000000291e478:   0000000000000300 0000000002925000
0x000000000291e488:   000000000291e550 0000000067b9de08
0x000000000291e498:   00007ffe12a19b10 000000003a0120b9
0x000000000291e4a8:   000000000291e560 0000000000016008
0x000000000291e4b8:   0000000000000000 0000000067b9de08
0x000000000291e4c8:   00007ffe12a1a57f 0000000000000000
0x000000000291e4d8:   4440000000000000 0000000400000400
0x000000000291e4e8:   0000000000016008 0000000067b9de08
0x000000000291e4f8:   0000000003cf6514 00000004c47b4618
0x000000000291e508:   00000000071bb484 00000000f8094ed9
0x000000000291e518:   000000000525b73a 00000004c47b4638
0x000000000291e528:   00000004c47b2ed0 00000000f8094ed9
0x000000000291e538:   00000000078f9094 000000000291e928
0x000000000291e548:   0000000007f969cc 00000004c47b40a0 

Instructions: (pc=0x00007ffdfcb30000)
0x00007ffdfcb2ffe0:   
[error occurred during error reporting (printing registers, top of stack, instructions near pc), id 0xc0000005]

Register to memory mapping:

RAX=0x00007ffe12a9cc6e is an unknown value
RBX=0x0000000000000000 is an unknown value
RCX=0x000000004de05e60 is an unknown value
RDX=0x0000000000000000 is an unknown value
RSP=0x000000000291e458 is pointing into the stack for thread: 0x0000000002925000
RBP=0x0000000000000000 is an unknown value
RSI=0x0000000000016000 is an unknown value
RDI=0x000000004de05e60 is an unknown value
R8 =0x0000000000000000 is an unknown value
R9 =0x00007ffe12a10000 is an unknown value
R10=0x00007ffe3cb34300 is an unknown value
R11=0x00007ffe12a9cc6e is an unknown value
R12=0x0000000000000000 is an unknown value
R13=0x00000004c47caf88 is an oop
org.lwjgl.opengl.ContextGL 
 - klass: 'org/lwjgl/opengl/ContextGL'
R14=0x0000000000000000 is an unknown value
R15=0x0000000000000000 is an unknown value


Stack: [0x0000000002820000,0x0000000002920000],  sp=0x000000000291e458,  free space=1017k
Native frames: (J=compiled Java code, j=interpreted, Vv=VM code, C=native code)

Java frames: (J=compiled Java code, j=interpreted, Vv=VM code)
J 6823  org.lwjgl.opengl.WindowsContextImplementation.nSwapBuffers(Ljava/nio/ByteBuffer;)V (0 bytes) @ 0x0000000003cf6492 [0x0000000003cf6440+0x52]
J 21647 C2 org.lwjgl.opengl.Display.swapBuffers()V (55 bytes) @ 0x00000000033aa340 [0x00000000033aa120+0x220]
J 32925 C2 org.lwjgl.opengl.Display.update(Z)V (154 bytes) @ 0x00000000080e10fc [0x00000000080e1060+0x9c]
J 32409 C1 net.minecraft.client.Minecraft.func_71411_J()V (948 bytes) @ 0x000000000412ce14 [0x0000000004128780+0x4694]
j  net.minecraft.client.Minecraft.func_99999_d()V+61
j  net.minecraft.client.main.Main.main([Ljava/lang/String;)V+1094
v  ~StubRoutines::call_stub
j  sun.reflect.NativeMethodAccessorImpl.invoke0(Ljava/lang/reflect/Method;Ljava/lang/Object;[Ljava/lang/Object;)Ljava/lang/Object;+0
j  sun.reflect.NativeMethodAccessorImpl.invoke(Ljava/lang/Object;[Ljava/lang/Object;)Ljava/lang/Object;+100
J 2190 C1 sun.reflect.DelegatingMethodAccessorImpl.invoke(Ljava/lang/Object;[Ljava/lang/Object;)Ljava/lang/Object; (10 bytes) @ 0x00000000033687cc [0x00000000033686c0+0x10c]
J 2189 C1 java.lang.reflect.Method.invoke(Ljava/lang/Object;[Ljava/lang/Object;)Ljava/lang/Object; (62 bytes) @ 0x0000000003372d6c [0x0000000003372980+0x3ec]
j  net.minecraft.launchwrapper.Launch.launch([Ljava/lang/String;)V+661
j  net.minecraft.launchwrapper.Launch.main([Ljava/lang/String;)V+8
v  ~StubRoutines::call_stub

---------------  P R O C E S S  ---------------

Java Threads: ( => current thread )
  0x000000003e947000 JavaThread "AWT-Shutdown" [_thread_blocked, id=62436, stack(0x000000004d1a0000,0x000000004d2a0000)]
  0x0000000038641000 JavaThread "Narrator" daemon [_thread_blocked, id=62672, stack(0x000000004d0a0000,0x000000004d1a0000)]
  0x0000000038640800 JavaThread "LogisticsPipes ItemIdentifier Cleanup Thread" daemon [_thread_blocked, id=62656, stack(0x000000004f360000,0x000000004f460000)]
  0x0000000033f23800 JavaThread "pool-8-thread-8" [_thread_blocked, id=62088, stack(0x00000000675d0000,0x00000000676d0000)]
  0x0000000033f27800 JavaThread "pool-8-thread-7" [_thread_blocked, id=60252, stack(0x00000000674d0000,0x00000000675d0000)]
  0x0000000033f26800 JavaThread "pool-8-thread-6" [_thread_blocked, id=62248, stack(0x00000000673d0000,0x00000000674d0000)]
  0x0000000033f25000 JavaThread "pool-8-thread-5" [_thread_blocked, id=57308, stack(0x00000000672d0000,0x00000000673d0000)]
  0x0000000033f23000 JavaThread "pool-8-thread-4" [_thread_blocked, id=18908, stack(0x0000000066ed0000,0x0000000066fd0000)]
  0x0000000033f26000 JavaThread "pool-8-thread-3" [_thread_blocked, id=60648, stack(0x0000000064710000,0x0000000064810000)]
  0x0000000033f24800 JavaThread "pool-8-thread-2" [_thread_blocked, id=54268, stack(0x0000000064610000,0x0000000064710000)]
  0x0000000033f29000 JavaThread "pool-8-thread-1" [_thread_blocked, id=58820, stack(0x000000004f460000,0x000000004f560000)]
  0x0000000033f1c000 JavaThread "pool-3-thread-1" [_thread_blocked, id=52256, stack(0x00000000649f0000,0x0000000064af0000)]
  0x0000000033f1b800 JavaThread "ic2-poolthread-1" daemon [_thread_blocked, id=464, stack(0x00000000648f0000,0x00000000649f0000)]
  0x0000000033f21800 JavaThread "Ender IO Scheduler" [_thread_blocked, id=21564, stack(0x0000000064310000,0x0000000064410000)]
  0x0000000033f1d000 JavaThread "ForkJoinPool.commonPool-worker-9" daemon [_thread_blocked, id=12968, stack(0x0000000066fd0000,0x00000000670d0000)]
  0x0000000033f1d800 JavaThread "ForkJoinPool.commonPool-worker-12" daemon [_thread_blocked, id=58020, stack(0x0000000066bd0000,0x0000000066cd0000)]
  0x000000003863b000 JavaThread "ForkJoinPool.commonPool-worker-5" daemon [_thread_blocked, id=57560, stack(0x0000000066ad0000,0x0000000066bd0000)]
  0x000000003a430000 JavaThread "ForkJoinPool.commonPool-worker-10" daemon [_thread_blocked, id=53920, stack(0x00000000669d0000,0x0000000066ad0000)]
  0x000000003e94a000 JavaThread "Thread-46" [_thread_blocked, id=1388, stack(0x0000000065810000,0x0000000065910000)]
  0x000000003e94d000 JavaThread "Thread-45" [_thread_blocked, id=58920, stack(0x0000000065710000,0x0000000065810000)]
  0x000000003e94d800 JavaThread "Thread-44" [_thread_blocked, id=8580, stack(0x000000004f160000,0x000000004f260000)]
  0x000000003e94b800 JavaThread "LogisticsPipes RoutingTableUpdateThread #3" daemon [_thread_blocked, id=61624, stack(0x0000000065d10000,0x0000000065e10000)]
  0x000000003e94a800 JavaThread "LogisticsPipes RoutingTableUpdateThread #2" daemon [_thread_blocked, id=61620, stack(0x0000000065c10000,0x0000000065d10000)]
  0x000000003e94c000 JavaThread "LogisticsPipes RoutingTableUpdateThread #1" daemon [_thread_blocked, id=61788, stack(0x0000000065b10000,0x0000000065c10000)]
  0x000000003e948800 JavaThread "LogisticsPipes RoutingTableUpdateThread #0" daemon [_thread_blocked, id=61736, stack(0x0000000064e00000,0x0000000064f00000)]
  0x00000000310a3800 JavaThread "LogisticsPipes Packet Decompressor Server" daemon [_thread_blocked, id=59480, stack(0x0000000064d00000,0x0000000064e00000)]
  0x000000003863f800 JavaThread "LogisticsPipes Packet Compressor Server" daemon [_thread_blocked, id=53012, stack(0x0000000064c00000,0x0000000064d00000)]
  0x000000003ad07800 JavaThread "LogisticsPipes Packet Decompressor Client" daemon [_thread_blocked, id=61248, stack(0x0000000064b00000,0x0000000064c00000)]
  0x000000003ad06800 JavaThread "LogisticsPipes Packet Compressor Client" daemon [_thread_blocked, id=51004, stack(0x000000005e500000,0x000000005e600000)]
  0x000000003a437800 JavaThread "AWT-Windows" daemon [_thread_in_native, id=62424, stack(0x000000004f660000,0x000000004f760000)]
  0x000000003a42e800 JavaThread "Thread-17" [_thread_blocked, id=20228, stack(0x00000000599c0000,0x0000000059ac0000)]
  0x000000003ad05000 JavaThread "Thread-16" [_thread_blocked, id=61672, stack(0x0000000058fb0000,0x00000000590b0000)]
  0x0000000038634800 JavaThread "Keep-Alive-SocketCleaner" daemon [_thread_blocked, id=18992, stack(0x00000000554c0000,0x00000000555c0000)]
  0x000000003ad09800 JavaThread "pool-4-thread-1" [_thread_blocked, id=59544, stack(0x0000000048f00000,0x0000000049000000)]
  0x000000003ad09000 JavaThread "File IO Thread" [_thread_blocked, id=58668, stack(0x000000004f060000,0x000000004f160000)]
  0x000000003ad04800 JavaThread "C&B Model Cache Cleanup" [_thread_blocked, id=61928, stack(0x0000000039190000,0x0000000039290000)]
  0x000000003ad01800 JavaThread "Thread-9" [_thread_blocked, id=59596, stack(0x0000000049500000,0x0000000049600000)]
  0x0000000038643800 JavaThread "Discord Rich Presence Timer Thread" [_thread_blocked, id=60796, stack(0x000000003ce70000,0x000000003cf70000)]
  0x000000003c4c8800 JavaThread "ForkJoinPool.commonPool-worker-2" daemon [_thread_blocked, id=61312, stack(0x000000004ef60000,0x000000004f060000)]
  0x0000000034a84800 JavaThread "LWJGL Timer" daemon [_thread_blocked, id=60284, stack(0x000000004e800000,0x000000004e900000)]
  0x0000000034d9d800 JavaThread "Java2D Disposer" daemon [_thread_blocked, id=53084, stack(0x000000003f7c0000,0x000000003f8c0000)]
  0x0000000038290000 JavaThread "Timer hack thread" daemon [_thread_blocked, id=60844, stack(0x0000000039410000,0x0000000039510000)]
  0x000000003bfb8800 JavaThread "Snooper Timer" daemon [_thread_blocked, id=60216, stack(0x0000000038080000,0x0000000038180000)]
  0x0000000038a15000 JavaThread "Thread-1" [_thread_blocked, id=10716, stack(0x000000003b5a0000,0x000000003b6a0000)]
  0x000000003112c000 JavaThread "Service Thread" daemon [_thread_blocked, id=56048, stack(0x0000000033890000,0x0000000033990000)]
  0x00000000310a7000 JavaThread "C1 CompilerThread11" daemon [_thread_blocked, id=58576, stack(0x0000000033790000,0x0000000033890000)]
  0x00000000310a6800 JavaThread "C1 CompilerThread10" daemon [_thread_blocked, id=59168, stack(0x0000000033690000,0x0000000033790000)]
  0x00000000310a2800 JavaThread "C1 CompilerThread9" daemon [_thread_blocked, id=59532, stack(0x0000000033490000,0x0000000033590000)]
  0x00000000310a2000 JavaThread "C1 CompilerThread8" daemon [_thread_blocked, id=61328, stack(0x0000000033390000,0x0000000033490000)]
  0x00000000310a0800 JavaThread "C2 CompilerThread7" daemon [_thread_blocked, id=59360, stack(0x0000000033290000,0x0000000033390000)]
  0x00000000310a5800 JavaThread "C2 CompilerThread6" daemon [_thread_blocked, id=61380, stack(0x0000000033190000,0x0000000033290000)]
  0x00000000310a5000 JavaThread "C2 CompilerThread5" daemon [_thread_blocked, id=48932, stack(0x0000000033090000,0x0000000033190000)]
  0x0000000031077800 JavaThread "C2 CompilerThread4" daemon [_thread_blocked, id=55744, stack(0x0000000032f90000,0x0000000033090000)]
  0x000000003105a800 JavaThread "C2 CompilerThread3" daemon [_thread_blocked, id=59112, stack(0x0000000032e90000,0x0000000032f90000)]
  0x0000000031057800 JavaThread "C2 CompilerThread2" daemon [_thread_blocked, id=58460, stack(0x0000000032d90000,0x0000000032e90000)]
  0x0000000031053800 JavaThread "C2 CompilerThread1" daemon [_thread_blocked, id=57980, stack(0x0000000032c90000,0x0000000032d90000)]
  0x0000000031052000 JavaThread "C2 CompilerThread0" daemon [_thread_blocked, id=18804, stack(0x0000000032b90000,0x0000000032c90000)]
  0x000000003104d800 JavaThread "Attach Listener" daemon [_thread_blocked, id=3088, stack(0x0000000032a90000,0x0000000032b90000)]
  0x000000003104a800 JavaThread "Signal Dispatcher" daemon [_thread_blocked, id=53020, stack(0x0000000032990000,0x0000000032a90000)]
  0x000000002f5d1000 JavaThread "Finalizer" daemon [_thread_blocked, id=59008, stack(0x0000000032890000,0x0000000032990000)]
  0x000000002f5cb000 JavaThread "Reference Handler" daemon [_thread_blocked, id=53496, stack(0x0000000032790000,0x0000000032890000)]
=>0x0000000002925000 JavaThread "Client thread" [_thread_in_native, id=61720, stack(0x0000000002820000,0x0000000002920000)]

Other Threads:
  0x0000000031014000 VMThread [stack: 0x0000000032690000,0x0000000032790000] [id=61564]
  0x000000003112e800 WatcherThread [stack: 0x0000000033990000,0x0000000033a90000] [id=59308]

VM state:not at safepoint (normal execution)

VM Mutex/Monitor currently owned by a thread: None

Heap:
 PSYoungGen      total 2796544K, used 213860K [0x00000006c0000000, 0x00000007c0000000, 0x00000007c0000000)
  eden space 1398784K, 15% used [0x00000006c0000000,0x00000006cd0d9310,0x0000000715600000)
  from space 1397760K, 0% used [0x000000076ab00000,0x000000076ab00000,0x00000007c0000000)
  to   space 1397760K, 0% used [0x0000000715600000,0x0000000715600000,0x000000076ab00000)
 ParOldGen       total 3649536K, used 2734716K [0x00000004c0000000, 0x000000059ec00000, 0x00000006c0000000)
  object space 3649536K, 74% used [0x00000004c0000000,0x0000000566e9f310,0x000000059ec00000)
 Metaspace       used 235727K, capacity 243405K, committed 243712K, reserved 1251328K
  class space    used 38964K, capacity 41098K, committed 41216K, reserved 1048576K

Card table byte_map: [0x0000000011de0000,0x00000000135f0000] byte_map_base: 0x000000000f7e0000

Marking Bits: (ParMarkBitMap*) 0x000000005f964040
 Begin Bits: [0x00000000152f0000, 0x00000000212f0000)
 End Bits:   [0x00000000212f0000, 0x000000002d2f0000)

Polling page: 0x0000000000c30000

CodeCache: size=245760Kb used=87476Kb max_used=88407Kb free=158283Kb
 bounds [0x0000000002a20000, 0x0000000008110000, 0x0000000011a20000]
 total_blobs=24679 nmethods=22954 adapters=1633
 compilation: enabled

Compilation events (10 events):
Event: 272.138 Thread 0x00000000310a5800 nmethod 32960 0x00000000044b8f50 code [0x00000000044b90c0, 0x00000000044b9338]
Event: 272.142 Thread 0x000000003105a800 nmethod 32958 0x000000000610d210 code [0x000000000610d3c0, 0x000000000610db10]
Event: 273.735 Thread 0x0000000031057800 32961       4       net.minecraftforge.client.settings.KeyModifier$4::isActive (57 bytes)
Event: 273.737 Thread 0x0000000031057800 nmethod 32961 0x0000000006149550 code [0x00000000061496c0, 0x0000000006149818]
Event: 275.334 Thread 0x00000000310a2800 32962       1       net.minecraft.client.gui.GuiScreen::func_73876_c (1 bytes)
Event: 275.335 Thread 0x00000000310a2800 nmethod 32962 0x00000000045a3b90 code [0x00000000045a3ce0, 0x00000000045a3df0]
Event: 276.168 Thread 0x00000000310a0800 32963       4       net.minecraftforge.client.event.GuiScreenEvent::setup (26 bytes)
Event: 276.168 Thread 0x00000000310a0800 nmethod 32963 0x0000000006ddae90 code [0x0000000006ddafc0, 0x0000000006ddb058]
Event: 277.001 Thread 0x0000000031053800 32964       4       net.spellcraftgaming.lib.GameData::getGuiOfEvent (5 bytes)
Event: 277.002 Thread 0x0000000031053800 nmethod 32964 0x0000000006e31690 code [0x0000000006e317c0, 0x0000000006e31818]

GC Heap History (10 events):
Event: 194.116 GC heap before
{Heap before GC invocations=76 (full 11):
 PSYoungGen      total 2796544K, used 1511587K [0x00000006c0000000, 0x00000007c0000000, 0x00000007c0000000)
  eden space 1398784K, 100% used [0x00000006c0000000,0x0000000715600000,0x0000000715600000)
  from space 1397760K, 8% used [0x000000076ab00000,0x0000000771928f48,0x00000007c0000000)
  to   space 1397760K, 0% used [0x0000000715600000,0x0000000715600000,0x000000076ab00000)
 ParOldGen       total 3624448K, used 2863101K [0x00000004c0000000, 0x000000059d380000, 0x00000006c0000000)
  object space 3624448K, 78% used [0x00000004c0000000,0x000000056ebff498,0x000000059d380000)
 Metaspace       used 229446K, capacity 236675K, committed 236928K, reserved 1245184K
  class space    used 38255K, capacity 40295K, committed 40320K, reserved 1048576K
Event: 194.196 GC heap after
Heap after GC invocations=76 (full 11):
 PSYoungGen      total 2796544K, used 135181K [0x00000006c0000000, 0x00000007c0000000, 0x00000007c0000000)
  eden space 1398784K, 0% used [0x00000006c0000000,0x00000006c0000000,0x0000000715600000)
  from space 1397760K, 9% used [0x0000000715600000,0x000000071da03668,0x000000076ab00000)
  to   space 1397760K, 0% used [0x000000076ab00000,0x000000076ab00000,0x00000007c0000000)
 ParOldGen       total 3624448K, used 2972207K [0x00000004c0000000, 0x000000059d380000, 0x00000006c0000000)
  object space 3624448K, 82% used [0x00000004c0000000,0x000000057568be88,0x000000059d380000)
 Metaspace       used 229446K, capacity 236675K, committed 236928K, reserved 1245184K
  class space    used 38255K, capacity 40295K, committed 40320K, reserved 1048576K
}
Event: 197.135 GC heap before
{Heap before GC invocations=77 (full 11):
 PSYoungGen      total 2796544K, used 1533965K [0x00000006c0000000, 0x00000007c0000000, 0x00000007c0000000)
  eden space 1398784K, 100% used [0x00000006c0000000,0x0000000715600000,0x0000000715600000)
  from space 1397760K, 9% used [0x0000000715600000,0x000000071da03668,0x000000076ab00000)
  to   space 1397760K, 0% used [0x000000076ab00000,0x000000076ab00000,0x00000007c0000000)
 ParOldGen       total 3624448K, used 2972207K [0x00000004c0000000, 0x000000059d380000, 0x00000006c0000000)
  object space 3624448K, 82% used [0x00000004c0000000,0x000000057568be88,0x000000059d380000)
 Metaspace       used 231050K, capacity 238411K, committed 238720K, reserved 1247232K
  class space    used 38434K, capacity 40481K, committed 40576K, reserved 1048576K
Event: 197.201 GC heap after
Heap after GC invocations=77 (full 11):
 PSYoungGen      total 2796544K, used 90770K [0x00000006c0000000, 0x00000007c0000000, 0x00000007c0000000)
  eden space 1398784K, 0% used [0x00000006c0000000,0x00000006c0000000,0x0000000715600000)
  from space 1397760K, 6% used [0x000000076ab00000,0x00000007703a4888,0x00000007c0000000)
  to   space 1397760K, 0% used [0x0000000715600000,0x0000000715600000,0x000000076ab00000)
 ParOldGen       total 3624448K, used 3104994K [0x00000004c0000000, 0x000000059d380000, 0x00000006c0000000)
  object space 3624448K, 85% used [0x00000004c0000000,0x000000057d838a18,0x000000059d380000)
 Metaspace       used 231050K, capacity 238411K, committed 238720K, reserved 1247232K
  class space    used 38434K, capacity 40481K, committed 40576K, reserved 1048576K
}
Event: 199.862 GC heap before
{Heap before GC invocations=78 (full 11):
 PSYoungGen      total 2796544K, used 1489554K [0x00000006c0000000, 0x00000007c0000000, 0x00000007c0000000)
  eden space 1398784K, 100% used [0x00000006c0000000,0x0000000715600000,0x0000000715600000)
  from space 1397760K, 6% used [0x000000076ab00000,0x00000007703a4888,0x00000007c0000000)
  to   space 1397760K, 0% used [0x0000000715600000,0x0000000715600000,0x000000076ab00000)
 ParOldGen       total 3624448K, used 3104994K [0x00000004c0000000, 0x000000059d380000, 0x00000006c0000000)
  object space 3624448K, 85% used [0x00000004c0000000,0x000000057d838a18,0x000000059d380000)
 Metaspace       used 232032K, capacity 239603K, committed 239872K, reserved 1249280K
  class space    used 38574K, capacity 40651K, committed 40704K, reserved 1048576K
Event: 199.933 GC heap after
Heap after GC invocations=78 (full 11):
 PSYoungGen      total 2796544K, used 108096K [0x00000006c0000000, 0x00000007c0000000, 0x00000007c0000000)
  eden space 1398784K, 0% used [0x00000006c0000000,0x00000006c0000000,0x0000000715600000)
  from space 1397760K, 7% used [0x0000000715600000,0x000000071bf90068,0x000000076ab00000)
  to   space 1397760K, 0% used [0x000000076ab00000,0x000000076ab00000,0x00000007c0000000)
 ParOldGen       total 3624448K, used 3192536K [0x00000004c0000000, 0x000000059d380000, 0x00000006c0000000)
  object space 3624448K, 88% used [0x00000004c0000000,0x0000000582db6190,0x000000059d380000)
 Metaspace       used 232032K, capacity 239603K, committed 239872K, reserved 1249280K
  class space    used 38574K, capacity 40651K, committed 40704K, reserved 1048576K
}
Event: 203.687 GC heap before
{Heap before GC invocations=79 (full 11):
 PSYoungGen      total 2796544K, used 1506880K [0x00000006c0000000, 0x00000007c0000000, 0x00000007c0000000)
  eden space 1398784K, 100% used [0x00000006c0000000,0x0000000715600000,0x0000000715600000)
  from space 1397760K, 7% used [0x0000000715600000,0x000000071bf90068,0x000000076ab00000)
  to   space 1397760K, 0% used [0x000000076ab00000,0x000000076ab00000,0x00000007c0000000)
 ParOldGen       total 3624448K, used 3192536K [0x00000004c0000000, 0x000000059d380000, 0x00000006c0000000)
  object space 3624448K, 88% used [0x00000004c0000000,0x0000000582db6190,0x000000059d380000)
 Metaspace       used 234322K, capacity 241999K, committed 242304K, reserved 1251328K
  class space    used 38888K, capacity 40999K, committed 41088K, reserved 1048576K
Event: 203.726 GC heap after
Heap after GC invocations=79 (full 11):
 PSYoungGen      total 2796544K, used 24827K [0x00000006c0000000, 0x00000007c0000000, 0x00000007c0000000)
  eden space 1398784K, 0% used [0x00000006c0000000,0x00000006c0000000,0x0000000715600000)
  from space 1397760K, 1% used [0x000000076ab00000,0x000000076c33ec18,0x00000007c0000000)
  to   space 1397760K, 0% used [0x0000000715600000,0x0000000715600000,0x000000076ab00000)
 ParOldGen       total 3624448K, used 3249614K [0x00000004c0000000, 0x000000059d380000, 0x00000006c0000000)
  object space 3624448K, 89% used [0x00000004c0000000,0x0000000586573a80,0x000000059d380000)
 Metaspace       used 234322K, capacity 241999K, committed 242304K, reserved 1251328K
  class space    used 38888K, capacity 40999K, committed 41088K, reserved 1048576K
}
Event: 203.726 GC heap before
{Heap before GC invocations=80 (full 12):
 PSYoungGen      total 2796544K, used 24827K [0x00000006c0000000, 0x00000007c0000000, 0x00000007c0000000)
  eden space 1398784K, 0% used [0x00000006c0000000,0x00000006c0000000,0x0000000715600000)
  from space 1397760K, 1% used [0x000000076ab00000,0x000000076c33ec18,0x00000007c0000000)
  to   space 1397760K, 0% used [0x0000000715600000,0x0000000715600000,0x000000076ab00000)
 ParOldGen       total 3624448K, used 3249614K [0x00000004c0000000, 0x000000059d380000, 0x00000006c0000000)
  object space 3624448K, 89% used [0x00000004c0000000,0x0000000586573a80,0x000000059d380000)
 Metaspace       used 234322K, capacity 241999K, committed 242304K, reserved 1251328K
  class space    used 38888K, capacity 40999K, committed 41088K, reserved 1048576K
Event: 205.463 GC heap after
Heap after GC invocations=80 (full 12):
 PSYoungGen      total 2796544K, used 0K [0x00000006c0000000, 0x00000007c0000000, 0x00000007c0000000)
  eden space 1398784K, 0% used [0x00000006c0000000,0x00000006c0000000,0x0000000715600000)
  from space 1397760K, 0% used [0x000000076ab00000,0x000000076ab00000,0x00000007c0000000)
  to   space 1397760K, 0% used [0x0000000715600000,0x0000000715600000,0x000000076ab00000)
 ParOldGen       total 3649536K, used 2734716K [0x00000004c0000000, 0x000000059ec00000, 0x00000006c0000000)
  object space 3649536K, 74% used [0x00000004c0000000,0x0000000566e9f310,0x000000059ec00000)
 Metaspace       used 234322K, capacity 241999K, committed 242304K, reserved 1251328K
  class space    used 38888K, capacity 40999K, committed 41088K, reserved 1048576K
}

Deoptimization events (10 events):
Event: 205.846 Thread 0x0000000002925000 Uncommon trap: reason=class_check action=maybe_recompile pc=0x00000000051cf2a8 method=net.minecraft.client.gui.FontRenderer.func_78276_b(Ljava/lang/String;III)I @ 18
Event: 205.846 Thread 0x0000000002925000 Uncommon trap: reason=class_check action=maybe_recompile pc=0x000000000511b9bc method=net.minecraft.client.gui.FontRenderer.func_175065_a(Ljava/lang/String;FFIZ)I @ 1
Event: 205.846 Thread 0x0000000002925000 Uncommon trap: reason=class_check action=maybe_recompile pc=0x00000000051cf2a8 method=net.minecraft.client.gui.FontRenderer.func_78276_b(Ljava/lang/String;III)I @ 18
Event: 205.846 Thread 0x0000000002925000 Uncommon trap: reason=class_check action=maybe_recompile pc=0x00000000051cf2a8 method=net.minecraft.client.gui.FontRenderer.func_78276_b(Ljava/lang/String;III)I @ 18
Event: 205.862 Thread 0x0000000002925000 Uncommon trap: reason=speculate_class_check action=maybe_recompile pc=0x0000000005590c68 method=java.lang.invoke.Invokers.checkExactType(Ljava/lang/Object;Ljava/lang/Object;)V @ 1
Event: 205.982 Thread 0x0000000002925000 Uncommon trap: reason=unstable_if action=reinterpret pc=0x0000000005874468 method=com.google.common.collect.HashBiMap.delete(Lcom/google/common/collect/HashBiMap$BiEntry;)V @ 141
Event: 205.983 Thread 0x0000000002925000 Uncommon trap: reason=class_check action=maybe_recompile pc=0x0000000006b6fb3c method=java.util.AbstractSet.equals(Ljava/lang/Object;)Z @ 8
Event: 205.983 Thread 0x0000000002925000 Uncommon trap: reason=unstable_if action=reinterpret pc=0x0000000003364e48 method=net.minecraft.client.renderer.GlStateManager$BooleanState.func_179199_a(Z)V @ 5
Event: 205.986 Thread 0x0000000002925000 Uncommon trap: reason=class_check action=maybe_recompile pc=0x0000000006b6fb3c method=java.util.AbstractSet.equals(Ljava/lang/Object;)Z @ 8
Event: 206.012 Thread 0x0000000002925000 Uncommon trap: reason=class_check action=maybe_recompile pc=0x0000000006b6fb3c method=java.util.AbstractSet.equals(Ljava/lang/Object;)Z @ 8

Internal exceptions (10 events):
Event: 202.082 Thread 0x0000000002925000 Implicit null exception at 0x0000000006215539 to 0x0000000006216b31
Event: 202.304 Thread 0x0000000002925000 Implicit null exception at 0x0000000003d362c4 to 0x0000000003d38d4d
Event: 202.305 Thread 0x000000003ad05000 Exception <a 'java/lang/InterruptedException': sleep interrupted> (0x00000006fe9f4300) thrown at [C:\re\workspace\8-2-build-windows-amd64-cygwin\jdk8u51\3951\hotspot\src\share\vm\prims\jvm.cpp, line 3211]
Event: 202.432 Thread 0x000000003ad05000 Exception <a 'java/lang/InterruptedException': sleep interrupted> (0x00000006ff7e6ef8) thrown at [C:\re\workspace\8-2-build-windows-amd64-cygwin\jdk8u51\3951\hotspot\src\share\vm\prims\jvm.cpp, line 3163]
Event: 202.433 Thread 0x000000003ad05000 Exception <a 'java/lang/InterruptedException': sleep interrupted> (0x00000006ff7ef8d0) thrown at [C:\re\workspace\8-2-build-windows-amd64-cygwin\jdk8u51\3951\hotspot\src\share\vm\prims\jvm.cpp, line 3163]
Event: 202.955 Thread 0x000000003ad05000 Exception <a 'java/lang/InterruptedException': sleep interrupted> (0x00000006ff7efad0) thrown at [C:\re\workspace\8-2-build-windows-amd64-cygwin\jdk8u51\3951\hotspot\src\share\vm\prims\jvm.cpp, line 3211]
Event: 205.982 Thread 0x000000003ad05000 Exception <a 'java/lang/InterruptedException': sleep interrupted> (0x00000006cc012650) thrown at [C:\re\workspace\8-2-build-windows-amd64-cygwin\jdk8u51\3951\hotspot\src\share\vm\prims\jvm.cpp, line 3211]
Event: 208.637 Thread 0x000000003bfb8800 Exception <a 'java/net/ConnectException': Connection refused: connect> (0x00000006cbbbc048) thrown at [C:\re\workspace\8-2-build-windows-amd64-cygwin\jdk8u51\3951\hotspot\src\share\vm\prims\jni.cpp, line 735]
Event: 208.637 Thread 0x000000003bfb8800 Exception <a 'java/security/PrivilegedActionException'> (0x00000006cbbbc388) thrown at [C:\re\workspace\8-2-build-windows-amd64-cygwin\jdk8u51\3951\hotspot\src\share\vm\prims\jvm.cpp, line 1382]
Event: 208.638 Thread 0x000000003bfb8800 Exception <a 'java/security/PrivilegedActionException'> (0x00000006cbbbc5c0) thrown at [C:\re\workspace\8-2-build-windows-amd64-cygwin\jdk8u51\3951\hotspot\src\share\vm\prims\jvm.cpp, line 1382]

Events (10 events):
Event: 272.143 Thread 0x000000003105a800 flushing nmethod 0x0000000007a9f4d0
Event: 272.143 Thread 0x000000003105a800 flushing nmethod 0x0000000007ac3350
Event: 272.143 Thread 0x000000003105a800 flushing nmethod 0x0000000007ac5110
Event: 272.143 Thread 0x000000003105a800 flushing nmethod 0x0000000007acd650
Event: 272.143 Thread 0x000000003105a800 flushing nmethod 0x0000000007b2cc90
Event: 272.143 Thread 0x000000003105a800 flushing nmethod 0x0000000007b90310
Event: 272.143 Thread 0x000000003105a800 flushing nmethod 0x0000000007ba19d0
Event: 272.143 Thread 0x000000003105a800 flushing nmethod 0x0000000007c63110
Event: 272.143 Thread 0x000000003105a800 flushing nmethod 0x0000000007dcaad0
Event: 279.978 Thread 0x000000003e947000 Thread added: 0x000000003e947000


Dynamic libraries:
0x00007ff614750000 - 0x00007ff614787000 	C:\Users\Rapte\Twitch\Minecraft\Install\runtime\jre-x64\bin\javaw.exe
0x00007ffe40f60000 - 0x00007ffe41150000 	C:\WINDOWS\SYSTEM32\ntdll.dll
0x00007ffe182d0000 - 0x00007ffe182e4000 	C:\Program Files\AVAST Software\Avast\aswhook.dll
0x00007ffe40380000 - 0x00007ffe40432000 	C:\WINDOWS\System32\KERNEL32.DLL
0x00007ffe3e840000 - 0x00007ffe3eae3000 	C:\WINDOWS\System32\KERNELBASE.dll
0x00007ffe40b10000 - 0x00007ffe40bb3000 	C:\WINDOWS\System32\ADVAPI32.dll
0x00007ffe402a0000 - 0x00007ffe4033e000 	C:\WINDOWS\System32\msvcrt.dll
0x00007ffe40720000 - 0x00007ffe407b7000 	C:\WINDOWS\System32\sechost.dll
0x00007ffe40440000 - 0x00007ffe40560000 	C:\WINDOWS\System32\RPCRT4.dll
0x00007ffe408a0000 - 0x00007ffe40a34000 	C:\WINDOWS\System32\USER32.dll
0x00007ffe3eaf0000 - 0x00007ffe3eb11000 	C:\WINDOWS\System32\win32u.dll
0x00007ffe40340000 - 0x00007ffe40366000 	C:\WINDOWS\System32\GDI32.dll
0x00007ffe3ee70000 - 0x00007ffe3f004000 	C:\WINDOWS\System32\gdi32full.dll
0x00007ffe3eb50000 - 0x00007ffe3ebee000 	C:\WINDOWS\System32\msvcp_win.dll
0x00007ffe3e670000 - 0x00007ffe3e76a000 	C:\WINDOWS\System32\ucrtbase.dll
0x00007ffe342e0000 - 0x00007ffe34565000 	C:\WINDOWS\WinSxS\amd64_microsoft.windows.common-controls_6595b64144ccf1df_6.0.18362.592_none_e6c0b1911312be02\COMCTL32.dll
0x00007ffe40be0000 - 0x00007ffe40f16000 	C:\WINDOWS\System32\combase.dll
0x00007ffe3eca0000 - 0x00007ffe3ed20000 	C:\WINDOWS\System32\bcryptPrimitives.dll
0x00007ffe3f730000 - 0x00007ffe3f75e000 	C:\WINDOWS\System32\IMM32.DLL
0x000000005f9f0000 - 0x000000005fac2000 	C:\Users\Rapte\Twitch\Minecraft\Install\runtime\jre-x64\bin\msvcr100.dll
0x000000005f160000 - 0x000000005f9e3000 	C:\Users\Rapte\Twitch\Minecraft\Install\runtime\jre-x64\bin\server\jvm.dll
0x00007ffe40890000 - 0x00007ffe40898000 	C:\WINDOWS\System32\PSAPI.DLL
0x00007ffe35530000 - 0x00007ffe35539000 	C:\WINDOWS\SYSTEM32\WSOCK32.dll
0x00007ffe407c0000 - 0x00007ffe4082f000 	C:\WINDOWS\System32\WS2_32.dll
0x00007ffe3af00000 - 0x00007ffe3af24000 	C:\WINDOWS\SYSTEM32\WINMM.dll
0x00007ffe38e60000 - 0x00007ffe38e6a000 	C:\WINDOWS\SYSTEM32\VERSION.dll
0x00007ffe3ae80000 - 0x00007ffe3aead000 	C:\WINDOWS\SYSTEM32\WINMMBASE.dll
0x00007ffe3e7f0000 - 0x00007ffe3e83a000 	C:\WINDOWS\System32\cfgmgr32.dll
0x00000000603c0000 - 0x00000000603cf000 	C:\Users\Rapte\Twitch\Minecraft\Install\runtime\jre-x64\bin\verify.dll
0x000000005f130000 - 0x000000005f159000 	C:\Users\Rapte\Twitch\Minecraft\Install\runtime\jre-x64\bin\java.dll
0x000000005f110000 - 0x000000005f126000 	C:\Users\Rapte\Twitch\Minecraft\Install\runtime\jre-x64\bin\zip.dll
0x00007ffe3fa20000 - 0x00007ffe40105000 	C:\WINDOWS\System32\SHELL32.dll
0x00007ffe3f910000 - 0x00007ffe3f9b9000 	C:\WINDOWS\System32\shcore.dll
0x00007ffe3def0000 - 0x00007ffe3e66f000 	C:\WINDOWS\System32\windows.storage.dll
0x00007ffe3de80000 - 0x00007ffe3de9f000 	C:\WINDOWS\System32\profapi.dll
0x00007ffe3dea0000 - 0x00007ffe3deea000 	C:\WINDOWS\System32\powrprof.dll
0x00007ffe3de30000 - 0x00007ffe3de40000 	C:\WINDOWS\System32\UMPDC.dll
0x00007ffe3f9c0000 - 0x00007ffe3fa12000 	C:\WINDOWS\System32\shlwapi.dll
0x00007ffe3de40000 - 0x00007ffe3de51000 	C:\WINDOWS\System32\kernel.appcore.dll
0x00007ffe3e770000 - 0x00007ffe3e787000 	C:\WINDOWS\System32\cryptsp.dll
0x00000000603b0000 - 0x00000000603bd000 	C:\Users\Rapte\Twitch\Minecraft\Install\runtime\jre-x64\bin\management.dll
0x000000005f0f0000 - 0x000000005f10a000 	C:\Users\Rapte\Twitch\Minecraft\Install\runtime\jre-x64\bin\net.dll
0x00007ffe3d6a0000 - 0x00007ffe3d707000 	C:\WINDOWS\system32\mswsock.dll
0x00007ffe3b880000 - 0x00007ffe3b896000 	C:\WINDOWS\system32\napinsp.dll
0x00007ffe3b850000 - 0x00007ffe3b86a000 	C:\WINDOWS\system32\pnrpnsp.dll
0x00007ffe3d3f0000 - 0x00007ffe3d4ba000 	C:\WINDOWS\SYSTEM32\DNSAPI.dll
0x00007ffe3f650000 - 0x00007ffe3f658000 	C:\WINDOWS\System32\NSI.dll
0x00007ffe3d3b0000 - 0x00007ffe3d3ea000 	C:\WINDOWS\SYSTEM32\IPHLPAPI.DLL
0x00007ffe3b800000 - 0x00007ffe3b80e000 	C:\WINDOWS\System32\winrnr.dll
0x00007ffe3b8a0000 - 0x00007ffe3b8bc000 	C:\WINDOWS\system32\NLAapi.dll
0x00007ffe2bd20000 - 0x00007ffe2bd35000 	C:\WINDOWS\system32\wshbth.dll
0x00007ffe36c30000 - 0x00007ffe36c3a000 	C:\Windows\System32\rasadhlp.dll
0x00007ffe38de0000 - 0x00007ffe38e57000 	C:\WINDOWS\System32\fwpuclnt.dll
0x00007ffe3eb20000 - 0x00007ffe3eb46000 	C:\WINDOWS\System32\bcrypt.dll
0x000000005f0d0000 - 0x000000005f0e1000 	C:\Users\Rapte\Twitch\Minecraft\Install\runtime\jre-x64\bin\nio.dll
0x000000005f0a0000 - 0x000000005f0c4000 	C:\Users\Rapte\Twitch\Minecraft\Install\runtime\jre-x64\bin\sunec.dll
0x00007ffe3d210000 - 0x00007ffe3d243000 	C:\WINDOWS\system32\rsaenh.dll
0x00007ffe3dd50000 - 0x00007ffe3dd75000 	C:\WINDOWS\SYSTEM32\USERENV.dll
0x00007ffe3d870000 - 0x00007ffe3d87c000 	C:\WINDOWS\SYSTEM32\CRYPTBASE.dll
0x00007ffe39a60000 - 0x00007ffe39a76000 	C:\WINDOWS\SYSTEM32\dhcpcsvc6.DLL
0x00007ffe396b0000 - 0x00007ffe396cc000 	C:\WINDOWS\SYSTEM32\dhcpcsvc.DLL
0x000000005f080000 - 0x000000005f097000 	C:\Users\Rapte\Twitch\Minecraft\Install\runtime\jre-x64\bin\unpack.dll
0x0000000180000000 - 0x0000000180053000 	C:\Users\Rapte\Twitch\Minecraft\Install\bin\e72e-a3e7-ea43-4cba\lwjgl64.dll
0x00007ffdf3000000 - 0x00007ffdf3156000 	C:\WINDOWS\SYSTEM32\OPENGL32.dll
0x00007ffdf2fd0000 - 0x00007ffdf2ffc000 	C:\WINDOWS\SYSTEM32\GLU32.dll
0x00007ffe3caa0000 - 0x00007ffe3cac0000 	C:\WINDOWS\SYSTEM32\dxcore.dll
0x000000005eee0000 - 0x000000005f078000 	C:\Users\Rapte\Twitch\Minecraft\Install\runtime\jre-x64\bin\awt.dll
0x00007ffe40a40000 - 0x00007ffe40b04000 	C:\WINDOWS\System32\OLEAUT32.dll
0x00007ffe3bfd0000 - 0x00007ffe3c05f000 	C:\WINDOWS\SYSTEM32\apphelp.dll
0x00007ffe38210000 - 0x00007ffe382be000 	C:\WINDOWS\SYSTEM32\mscms.dll
0x00007ffe383a0000 - 0x00007ffe383b7000 	C:\WINDOWS\SYSTEM32\ColorAdapterClient.dll
0x00007ffe40170000 - 0x00007ffe40212000 	C:\WINDOWS\System32\clbcatq.dll
0x00007ffe1ead0000 - 0x00007ffe1eaea000 	C:\Windows\System32\Windows.Internal.Graphics.Display.DisplayColorManagement.dll
0x00007ffe3c110000 - 0x00007ffe3c1a9000 	C:\WINDOWS\system32\uxtheme.dll
0x00007ffe40560000 - 0x00007ffe40695000 	C:\WINDOWS\System32\MSCTF.dll
0x00007ffe308a0000 - 0x00007ffe3093e000 	C:\WINDOWS\System32\TextInputFramework.dll
0x00007ffe392e0000 - 0x00007ffe3960a000 	C:\WINDOWS\System32\CoreUIComponents.dll
0x00007ffe3bc80000 - 0x00007ffe3bd54000 	C:\WINDOWS\System32\CoreMessaging.dll
0x00007ffe3ce90000 - 0x00007ffe3cec1000 	C:\WINDOWS\SYSTEM32\ntmarta.dll
0x00007ffe398e0000 - 0x00007ffe39a33000 	C:\WINDOWS\SYSTEM32\wintypes.dll
0x00007ffe34ce0000 - 0x00007ffe34f86000 	C:\WINDOWS\System32\iertutil.dll
0x00007ffdf08f0000 - 0x00007ffdf2fc8000 	C:\WINDOWS\System32\DriverStore\FileRepository\nv_dispi.inf_amd64_ce13a81bcfac4a48\nvoglv64.dll
0x00007ffe3f1e0000 - 0x00007ffe3f650000 	C:\WINDOWS\System32\SETUPAPI.dll
0x00007ffe3f080000 - 0x00007ffe3f1d6000 	C:\WINDOWS\System32\ole32.dll
0x00007ffe3a1e0000 - 0x00007ffe3a1f3000 	C:\WINDOWS\SYSTEM32\WTSAPI32.dll
0x00007ffe3dc50000 - 0x00007ffe3dc7a000 	C:\WINDOWS\SYSTEM32\DEVOBJ.dll
0x00007ffe3e790000 - 0x00007ffe3e7ec000 	C:\WINDOWS\System32\WINTRUST.dll
0x00007ffe3de60000 - 0x00007ffe3de72000 	C:\WINDOWS\System32\MSASN1.dll
0x00007ffe3ed20000 - 0x00007ffe3ee69000 	C:\WINDOWS\System32\CRYPT32.dll
0x00007ffe3c7a0000 - 0x00007ffe3c7cd000 	C:\WINDOWS\SYSTEM32\dwmapi.dll
0x00007ffdfa780000 - 0x00007ffdfaa44000 	C:\WINDOWS\system32\nvspcap64.dll
0x00007ffe1db40000 - 0x00007ffe1db83000 	C:\WINDOWS\SYSTEM32\icm32.dll
0x00007ffe3cf00000 - 0x00007ffe3cf5c000 	C:\WINDOWS\SYSTEM32\WINSTA.dll
0x00007ffe18870000 - 0x00007ffe188b2000 	C:\Users\Rapte\AppData\Local\Temp\jna-1300596548\jna3065544010789549461.dll
0x00007ffe12a10000 - 0x00007ffe12aad000 	C:\Program Files\Streamlabs OBS\resources\app.asar.unpacked\node_modules\obs-studio-node\data\obs-plugins\win-capture\graphics-hook64.dll
0x00007ffe3b390000 - 0x00007ffe3b5eb000 	C:\WINDOWS\system32\d3d11.dll
0x00007ffe3cb30000 - 0x00007ffe3cc1b000 	C:\WINDOWS\SYSTEM32\dxgi.dll
0x00007ffe36d80000 - 0x00007ffe36e6f000 	C:\WINDOWS\System32\DriverStore\FileRepository\nv_dispi.inf_amd64_ce13a81bcfac4a48\nvldumdx.dll
0x00007ffe40bc0000 - 0x00007ffe40bdd000 	C:\WINDOWS\System32\imagehlp.dll
0x00007ffde4d00000 - 0x00007ffde739e000 	C:\WINDOWS\System32\DriverStore\FileRepository\nv_dispi.inf_amd64_ce13a81bcfac4a48\nvwgf2umx.dll
0x00007ffe38360000 - 0x00007ffe3838f000 	C:\WINDOWS\SYSTEM32\cryptnet.dll
0x00007ffe0afe0000 - 0x00007ffe0b4ce000 	C:\WINDOWS\SYSTEM32\nvapi64.dll
0x00007ffe3af30000 - 0x00007ffe3b382000 	C:\WINDOWS\SYSTEM32\D3DCompiler_47.dll
0x0000000049600000 - 0x0000000049664000 	C:\Users\Rapte\Twitch\Minecraft\Install\bin\e72e-a3e7-ea43-4cba\OpenAL64.dll
0x00007ffe37fb0000 - 0x00007ffe38022000 	C:\WINDOWS\System32\MMDevApi.dll
0x00007ffde91d0000 - 0x00007ffde9269000 	C:\WINDOWS\SYSTEM32\dsound.dll
0x00007ffe380b0000 - 0x00007ffe3820d000 	C:\WINDOWS\SYSTEM32\AUDIOSES.DLL
0x00007ffe3c4e0000 - 0x00007ffe3c4f4000 	C:\WINDOWS\SYSTEM32\resourcepolicyclient.dll
0x000000005ee90000 - 0x000000005eed7000 	C:\Users\Rapte\Twitch\Minecraft\Install\runtime\jre-x64\bin\fontmanager.dll
0x00007ffdf3810000 - 0x00007ffdf39d7000 	C:\WINDOWS\system32\d3d9.dll
0x00007ffdbfe30000 - 0x00007ffdc1335000 	C:\WINDOWS\System32\DriverStore\FileRepository\nv_dispi.inf_amd64_ce13a81bcfac4a48\nvd3dumx.dll
0x00007ffe3ca50000 - 0x00007ffe3ca72000 	C:\WINDOWS\SYSTEM32\gpapi.dll
0x000000005ee40000 - 0x000000005ee82000 	C:\Users\Rapte\Twitch\Minecraft\Install\runtime\jre-x64\bin\t2k.dll
0x00007ffe34c60000 - 0x00007ffe34c7a000 	C:\Users\Rapte\Twitch\Minecraft\Install\bin\e72e-a3e7-ea43-4cba\SAPIWrapper_x64.dll
0x00007ffe36240000 - 0x00007ffe36434000 	C:\WINDOWS\SYSTEM32\dbghelp.dll

VM Arguments:
jvm_args: -Dos.name=Windows 10 -Dos.version=10.0 -XX:HeapDumpPath=MojangTricksIntelDriversForPerformance_javaw.exe_minecraft.exe.heapdump -Djava.library.path=C:\Users\Rapte\Twitch\Minecraft\Install\bin\e72e-a3e7-ea43-4cba -Dminecraft.launcher.brand=minecraft-launcher -Dminecraft.launcher.version=2.1.11312 -Dminecraft.client.jar=C:\Users\Rapte\Twitch\Minecraft\Install\versions\1.12.2\1.12.2.jar -Xmx12288m -Xms256m -XX:PermSize=256m -Dminecraft.applet.TargetDirectory=C:\Users\Rapte\Twitch\Minecraft\Instances\Dinosaur Pack -Dfml.ignorePatchDiscrepancies=true -Dfml.ignoreInvalidMinecraftCertificates=true -Duser.language=en -Duser.country=US -Dlog4j.configurationFile=C:\Users\Rapte\Twitch\Minecraft\Install\assets\log_configs\client-1.12.xml 
java_command: net.minecraft.launchwrapper.Launch --username Dashie_Dragon --version forge-14.23.5.2847 --gameDir C:\Users\Rapte\Twitch\Minecraft\Instances\Dinosaur Pack --assetsDir C:\Users\Rapte\Twitch\Minecraft\Install\assets --assetIndex 1.12 --uuid 8fd97afa165e44b1b56cdcae75ed6223 --accessToken eyJhbGciOiJIUzI1NiJ9.eyJzdWIiOiJkZDNiZDg5OWUyZGI5MWUwNTVhNDdmYWM3NTAxYWQ3OCIsInlnZ3QiOiJkOTM5YTA3NzNjMjU0NDg5Yjc0ZGFjNjJhZjEyNGU0ZSIsInNwciI6IjhmZDk3YWZhMTY1ZTQ0YjFiNTZjZGNhZTc1ZWQ2MjIzIiwiaXNzIjoiWWdnZHJhc2lsLUF1dGgiLCJleHAiOjE1ODAwMTQyNzEsImlhdCI6MTU3OTg0MTQ3MX0.qkNDZwn8qx4UU4yiMoSaw35vxNjZjFgSB3xLGrGSNvU --userType mojang --tweakClass net.minecraftforge.fml.common.launcher.FMLTweaker --versionType Forge --width 1024 --height 768
java_class_path (initial): C:\Users\Rapte\Twitch\Minecraft\Install\libraries\net\minecraftforge\forge\1.12.2-14.23.5.2847\forge-1.12.2-14.23.5.2847.jar;C:\Users\Rapte\Twitch\Minecraft\Install\libraries\net\minecraft\launchwrapper\1.12\launchwrapper-1.12.jar;C:\Users\Rapte\Twitch\Minecraft\Install\libraries\org\ow2\asm\asm-all\5.2\asm-all-5.2.jar;C:\Users\Rapte\Twitch\Minecraft\Install\libraries\org\jline\jline\3.5.1\jline-3.5.1.jar;C:\Users\Rapte\Twitch\Minecraft\Install\libraries\net\java\dev\jna\jna\4.4.0\jna-4.4.0.jar;C:\Users\Rapte\Twitch\Minecraft\Install\libraries\com\typesafe\akka\akka-actor_2.11\2.3.3\akka-actor_2.11-2.3.3.jar;C:\Users\Rapte\Twitch\Minecraft\Install\libraries\com\typesafe\config\1.2.1\config-1.2.1.jar;C:\Users\Rapte\Twitch\Minecraft\Install\libraries\org\scala-lang\scala-actors-migration_2.11\1.1.0\scala-actors-migration_2.11-1.1.0.jar;C:\Users\Rapte\Twitch\Minecraft\Install\libraries\org\scala-lang\scala-compiler\2.11.1\scala-compiler-2.11.1.jar;C:\Users\Rapte\Twitch\Minecraft\Install\libraries\org\scala-lang\plugins\scala-continuations-library_2.11\1.0.2\scala-continuations-library_2.11-1.0.2.jar;C:\Users\Rapte\Twitch\Minecraft\Install\libraries\org\scala-lang\plugins\scala-continuations-plugin_2.11.1\1.0.2\scala-continuations-plugin_2.11.1-1.0.2.jar;C:\Users\Rapte\Twitch\Minecraft\Install\libraries\org\scala-lang\scala-library\2.11.1\scala-library-2.11.1.jar;C:\Users\Rapte\Twitch\Minecraft\Install\libraries\org\scala-lang\scala-parser-combinators_2.11\1.0.1\scala-parser-combinators_2.11-1.0.1.jar;C:\Users\Rapte\Twitch\Minecraft\Install\libraries\org\scala-lang\scala-reflect\2.11.1\scala-reflect-2.11.1.jar;C:\Users\Rapte\Twitch\Minecraft\Install\libraries\org\scala-lang\scala-swing_2.11\1.0.1\scala-swing_2.11-1.0.1.jar;C:\Users\Rapte\Twitch\Minecraft\Install\libraries\org\scala-lang\scala-xml_2.11\1.0.2\scala-xml_2.11-1.0.2.jar;C:\Users\Rapte\Twitch\Minecraft\Install\libraries\lzma\lzma\0.0.1\lzma-0.0.1.jar;C:\Users\Rapte\Twitch\Minecraf
Launcher Type: SUN_STANDARD

Environment Variables:
PATH=C:\Program Files (x86)\Common Files\Oracle\Java\javapath;C:\Program Files (x86)\Intel\Intel(R) Management Engine Components\iCLS\;C:\Program Files\Intel\Intel(R) Management Engine Components\iCLS\;C:\windows\system32;C:\windows;C:\windows\System32\Wbem;C:\windows\System32\WindowsPowerShell\v1.0\;C:\windows\System32\OpenSSH\;C:\Program Files (x86)\Intel\Intel(R) Management Engine Components\DAL;C:\Program Files\Intel\Intel(R) Management Engine Components\DAL;C:\Program Files (x86)\Intel\Intel(R) Management Engine Components\IPT;C:\Program Files\Intel\Intel(R) Management Engine Components\IPT;C:\Program Files\NVIDIA Corporation\NVIDIA NvDLISR;C:\Program Files (x86)\NVIDIA Corporation\PhysX\Common;C:\WINDOWS\system32;C:\WINDOWS;C:\WINDOWS\System32\Wbem;C:\WINDOWS\System32\WindowsPowerShell\v1.0\;C:\WINDOWS\System32\OpenSSH\;C:\Program Files\Intel\WiFi\bin\;C:\Program Files\Common Files\Intel\WirelessCommon\;C:\Users\Rapte\AppData\Local\Microsoft\WindowsApps;C:\Program Files\Intel\WiFi\bin\;C:\Program Files\Common Files\Intel\WirelessCommon\
USERNAME=Dashie_Dragon
OS=Windows_NT
PROCESSOR_IDENTIFIER=AMD64 Family 23 Model 8 Stepping 2, AuthenticAMD



---------------  S Y S T E M  ---------------

OS: Windows 10.0 , 64 bit Build 18362 (10.0.18362.329)

CPU:total 16 (16 cores per cpu, 1 threads per core) family 23 model 8 stepping 2, cmov, cx8, fxsr, mmx, sse, sse2, sse3, ssse3, sse4.1, sse4.2, popcnt, avx, avx2, aes, clmul, mmxext, 3dnowpref, lzcnt, sse4a, tsc, tscinvbit, tscinv, bmi1

Memory: 4k page, physical 33485956k(13362116k free), swap 40563844k(16618852k free)

vm_info: Java HotSpot(TM) 64-Bit Server VM (25.51-b03) for windows-amd64 JRE (1.8.0_51-b16), built on Jun  8 2015 18:03:07 by "java_re" with MS VC++ 10.0 (VS2010)

time: Sat Jan 25 13:01:30 2020
elapsed time: 280 seconds (0d 0h 4m 40s)

